{"C:\\Users\\brand\\Desktop\\projects\\jest-another-RPG\\lib\\Player.js": {"path":"C:\\Users\\brand\\Desktop\\projects\\jest-another-RPG\\lib\\Player.js","statementMap":{"0":{"start":{"line":1,"column":15},"end":{"line":1,"column":39}},"1":{"start":{"line":4,"column":2},"end":{"line":4,"column":19}},"2":{"start":{"line":6,"column":2},"end":{"line":6,"column":52}},"3":{"start":{"line":7,"column":2},"end":{"line":7,"column":52}},"4":{"start":{"line":8,"column":2},"end":{"line":8,"column":51}},"5":{"start":{"line":10,"column":2},"end":{"line":10,"column":56}},"6":{"start":{"line":13,"column":0},"end":{"line":20,"column":2}},"7":{"start":{"line":14,"column":2},"end":{"line":19,"column":4}},"8":{"start":{"line":22,"column":0},"end":{"line":27,"column":2}},"9":{"start":{"line":23,"column":2},"end":{"line":25,"column":3}},"10":{"start":{"line":24,"column":4},"end":{"line":24,"column":26}},"11":{"start":{"line":26,"column":2},"end":{"line":26,"column":15}},"12":{"start":{"line":29,"column":0},"end":{"line":31,"column":2}},"13":{"start":{"line":30,"column":2},"end":{"line":30,"column":56}},"14":{"start":{"line":33,"column":0},"end":{"line":38,"column":2}},"15":{"start":{"line":34,"column":2},"end":{"line":36,"column":3}},"16":{"start":{"line":35,"column":4},"end":{"line":35,"column":17}},"17":{"start":{"line":37,"column":2},"end":{"line":37,"column":14}},"18":{"start":{"line":40,"column":0},"end":{"line":46,"column":2}},"19":{"start":{"line":41,"column":2},"end":{"line":41,"column":24}},"20":{"start":{"line":43,"column":2},"end":{"line":45,"column":3}},"21":{"start":{"line":44,"column":4},"end":{"line":44,"column":20}},"22":{"start":{"line":48,"column":0},"end":{"line":53,"column":2}},"23":{"start":{"line":49,"column":14},"end":{"line":49,"column":31}},"24":{"start":{"line":50,"column":14},"end":{"line":50,"column":31}},"25":{"start":{"line":52,"column":2},"end":{"line":52,"column":55}},"26":{"start":{"line":55,"column":0},"end":{"line":57,"column":1}},"27":{"start":{"line":56,"column":2},"end":{"line":56,"column":30}},"28":{"start":{"line":59,"column":0},"end":{"line":59,"column":24}}},"fnMap":{"0":{"name":"Player","decl":{"start":{"line":3,"column":9},"end":{"line":3,"column":15}},"loc":{"start":{"line":3,"column":27},"end":{"line":11,"column":1}},"line":3},"1":{"name":"(anonymous_1)","decl":{"start":{"line":13,"column":28},"end":{"line":13,"column":29}},"loc":{"start":{"line":13,"column":39},"end":{"line":20,"column":1}},"line":13},"2":{"name":"(anonymous_2)","decl":{"start":{"line":22,"column":32},"end":{"line":22,"column":33}},"loc":{"start":{"line":22,"column":43},"end":{"line":27,"column":1}},"line":22},"3":{"name":"(anonymous_3)","decl":{"start":{"line":29,"column":29},"end":{"line":29,"column":30}},"loc":{"start":{"line":29,"column":40},"end":{"line":31,"column":1}},"line":29},"4":{"name":"(anonymous_4)","decl":{"start":{"line":33,"column":27},"end":{"line":33,"column":28}},"loc":{"start":{"line":33,"column":38},"end":{"line":38,"column":1}},"line":33},"5":{"name":"(anonymous_5)","decl":{"start":{"line":40,"column":32},"end":{"line":40,"column":33}},"loc":{"start":{"line":40,"column":49},"end":{"line":46,"column":1}},"line":40},"6":{"name":"(anonymous_6)","decl":{"start":{"line":48,"column":34},"end":{"line":48,"column":35}},"loc":{"start":{"line":48,"column":45},"end":{"line":53,"column":1}},"line":48},"7":{"name":"(anonymous_7)","decl":{"start":{"line":55,"column":29},"end":{"line":55,"column":30}},"loc":{"start":{"line":55,"column":46},"end":{"line":57,"column":1}},"line":55}},"branchMap":{"0":{"loc":{"start":{"line":3,"column":16},"end":{"line":3,"column":25}},"type":"default-arg","locations":[{"start":{"line":3,"column":23},"end":{"line":3,"column":25}}],"line":3},"1":{"loc":{"start":{"line":23,"column":2},"end":{"line":25,"column":3}},"type":"if","locations":[{"start":{"line":23,"column":2},"end":{"line":25,"column":3}},{"start":{"line":23,"column":2},"end":{"line":25,"column":3}}],"line":23},"2":{"loc":{"start":{"line":34,"column":2},"end":{"line":36,"column":3}},"type":"if","locations":[{"start":{"line":34,"column":2},"end":{"line":36,"column":3}},{"start":{"line":34,"column":2},"end":{"line":36,"column":3}}],"line":34},"3":{"loc":{"start":{"line":43,"column":2},"end":{"line":45,"column":3}},"type":"if","locations":[{"start":{"line":43,"column":2},"end":{"line":45,"column":3}},{"start":{"line":43,"column":2},"end":{"line":45,"column":3}}],"line":43}},"s":{"0":1,"1":8,"2":8,"3":8,"4":8,"5":8,"6":1,"7":4,"8":1,"9":2,"10":1,"11":1,"12":1,"13":1,"14":1,"15":2,"16":1,"17":1,"18":1,"19":2,"20":2,"21":1,"22":1,"23":2,"24":2,"25":2,"26":1,"27":1,"28":1},"f":{"0":8,"1":4,"2":2,"3":1,"4":2,"5":2,"6":2,"7":1},"b":{"0":[0],"1":[1,1],"2":[1,1],"3":[1,1]},"_coverageSchema":"1a1c01bbd47fc00a2c39e90264f33305004495a9","hash":"4d4fb6e706ea6b444e3f64a4ad8a1e180b58aaee"}
,"C:\\Users\\brand\\Desktop\\projects\\jest-another-RPG\\lib\\Potion.js": {"path":"C:\\Users\\brand\\Desktop\\projects\\jest-another-RPG\\lib\\Potion.js","statementMap":{"0":{"start":{"line":2,"column":4},"end":{"line":2,"column":51}},"1":{"start":{"line":3,"column":4},"end":{"line":3,"column":82}},"2":{"start":{"line":5,"column":4},"end":{"line":9,"column":5}},"3":{"start":{"line":6,"column":6},"end":{"line":6,"column":55}},"4":{"start":{"line":8,"column":6},"end":{"line":8,"column":53}},"5":{"start":{"line":12,"column":2},"end":{"line":12,"column":26}}},"fnMap":{"0":{"name":"Potion","decl":{"start":{"line":1,"column":9},"end":{"line":1,"column":15}},"loc":{"start":{"line":1,"column":22},"end":{"line":10,"column":3}},"line":1}},"branchMap":{"0":{"loc":{"start":{"line":3,"column":16},"end":{"line":3,"column":81}},"type":"binary-expr","locations":[{"start":{"line":3,"column":16},"end":{"line":3,"column":20}},{"start":{"line":3,"column":24},"end":{"line":3,"column":81}}],"line":3},"1":{"loc":{"start":{"line":5,"column":4},"end":{"line":9,"column":5}},"type":"if","locations":[{"start":{"line":5,"column":4},"end":{"line":9,"column":5}},{"start":{"line":5,"column":4},"end":{"line":9,"column":5}}],"line":5}},"s":{"0":2,"1":2,"2":2,"3":1,"4":1,"5":1},"f":{"0":2},"b":{"0":[2,1],"1":[1,1]},"_coverageSchema":"1a1c01bbd47fc00a2c39e90264f33305004495a9","hash":"7d181a3cca01b763b038ad783d7b52ec0615efbc"}
}
