TN:
SF:lib\Player.js
FN:3,Player
FN:13,(anonymous_1)
FN:22,(anonymous_2)
FN:29,(anonymous_3)
FN:33,(anonymous_4)
FN:40,(anonymous_5)
FN:48,(anonymous_6)
FN:55,(anonymous_7)
FNF:8
FNH:8
FNDA:8,Player
FNDA:4,(anonymous_1)
FNDA:2,(anonymous_2)
FNDA:1,(anonymous_3)
FNDA:2,(anonymous_4)
FNDA:2,(anonymous_5)
FNDA:2,(anonymous_6)
FNDA:1,(anonymous_7)
DA:1,1
DA:4,8
DA:6,8
DA:7,8
DA:8,8
DA:10,8
DA:13,1
DA:14,4
DA:22,1
DA:23,2
DA:24,1
DA:26,1
DA:29,1
DA:30,1
DA:33,1
DA:34,2
DA:35,1
DA:37,1
DA:40,1
DA:41,2
DA:43,2
DA:44,1
DA:48,1
DA:49,2
DA:50,2
DA:52,2
DA:55,1
DA:56,1
DA:59,1
LF:29
LH:29
BRDA:3,0,0,0
BRDA:23,1,0,1
BRDA:23,1,1,1
BRDA:34,2,0,1
BRDA:34,2,1,1
BRDA:43,3,0,1
BRDA:43,3,1,1
BRF:7
BRH:6
end_of_record
TN:
SF:lib\Potion.js
FN:1,Potion
FNF:1
FNH:1
FNDA:2,Potion
DA:2,2
DA:3,2
DA:5,2
DA:6,1
DA:8,1
DA:12,1
LF:6
LH:6
BRDA:3,0,0,2
BRDA:3,0,1,1
BRDA:5,1,0,1
BRDA:5,1,1,1
BRF:4
BRH:4
end_of_record
